<?xml version="1.0" encoding="UTF-8"?>
<!-- Generated by org.testng.reporters.JUnitReportReporter -->
<testsuite hostname="DESKTOP-PLQPSA4" failures="0" tests="1" name="org.tekelekautomation.AppiumBasics" time="3.229" errors="0" timestamp="2023-05-10T16:42:13 IST" skipped="0">
  <testcase classname="org.tekelekautomation.AppiumBasics" name="AppiumTestLogIn" time="3.229"/>
  <system-out/>
</testsuite> <!-- org.tekelekautomation.AppiumBasics -->
